<?xml version="1.0" encoding="UTF-8"?>
<testsuite name="Tests" tests="2" skipped="0" failures="0" errors="0" timestamp="2024-03-12T14:07:59" hostname="DESKTOP-VL7E782" time="0.002">
  <properties/>
  <testcase name="ososztaly" classname="Tests" time="0.001"/>
  <testcase name="halad" classname="Tests" time="0.001"/>
  <system-out><![CDATA[]]></system-out>
  <system-err><![CDATA[]]></system-err>
</testsuite>
