<?xml version="1.0" encoding="UTF-8"?>
<testsuite name="Tests" tests="4" skipped="0" failures="0" errors="0" timestamp="2024-03-12T14:24:48" hostname="DESKTOP-VL7E782" time="0.002">
  <properties/>
  <testcase name="teszt_01" classname="Tests" time="0.002"/>
  <testcase name="teszt_02" classname="Tests" time="0.0"/>
  <testcase name="teszt_03" classname="Tests" time="0.0"/>
  <testcase name="teszt_04" classname="Tests" time="0.0"/>
  <system-out><![CDATA[]]></system-out>
  <system-err><![CDATA[]]></system-err>
</testsuite>
