<?xml version="1.0" encoding="UTF-8"?>
<testsuite name="ValtozoTomeg" tests="5" skipped="0" failures="0" errors="0" timestamp="2024-02-23T19:09:14" hostname="DESKTOP-VL7E782" time="0.001">
  <properties/>
  <testcase name="teszt_01" classname="ValtozoTomeg" time="0.0"/>
  <testcase name="teszt_02" classname="ValtozoTomeg" time="0.0"/>
  <testcase name="teszt_03" classname="ValtozoTomeg" time="0.0"/>
  <testcase name="teszt_04" classname="ValtozoTomeg" time="0.0"/>
  <testcase name="teszt_05" classname="ValtozoTomeg" time="0.0"/>
  <system-out><![CDATA[]]></system-out>
  <system-err><![CDATA[]]></system-err>
</testsuite>
