<?xml version="1.0" encoding="UTF-8"?>
<testsuite name="Tests" tests="4" skipped="0" failures="0" errors="0" timestamp="2024-04-23T17:04:42" hostname="DESKTOP-VL7E782" time="0.01">
  <properties/>
  <testcase name="teszt_01" classname="Tests" time="0.005"/>
  <testcase name="teszt_02" classname="Tests" time="0.001"/>
  <testcase name="teszt_03" classname="Tests" time="0.001"/>
  <testcase name="teszt_04" classname="Tests" time="0.001"/>
  <system-out><![CDATA[]]></system-out>
  <system-err><![CDATA[]]></system-err>
</testsuite>
