<?xml version="1.0" encoding="UTF-8"?>
<testsuite name="Tests" tests="3" skipped="0" failures="0" errors="0" timestamp="2024-02-29T19:15:25" hostname="DESKTOP-VL7E782" time="0.005">
  <properties/>
  <testcase name="szavak" classname="Tests" time="0.004"/>
  <testcase name="nev" classname="Tests" time="0.0"/>
  <testcase name="szin" classname="Tests" time="0.001"/>
  <system-out><![CDATA[]]></system-out>
  <system-err><![CDATA[]]></system-err>
</testsuite>
