<?xml version="1.0" encoding="UTF-8"?>
<testsuite name="Tests" tests="5" skipped="0" failures="0" errors="0" timestamp="2024-03-12T14:37:05" hostname="DESKTOP-VL7E782" time="0.003">
  <properties/>
  <testcase name="szekreny" classname="Tests" time="0.001"/>
  <testcase name="asztal" classname="Tests" time="0.001"/>
  <testcase name="butorgyar" classname="Tests" time="0.001"/>
  <testcase name="szek" classname="Tests" time="0.0"/>
  <testcase name="komod" classname="Tests" time="0.0"/>
  <system-out><![CDATA[]]></system-out>
  <system-err><![CDATA[]]></system-err>
</testsuite>
