<?xml version="1.0" encoding="UTF-8"?>
<testsuite name="Tests" tests="4" skipped="0" failures="0" errors="0" timestamp="2024-02-29T19:31:57" hostname="DESKTOP-VL7E782" time="0.008">
  <properties/>
  <testcase name="nev" classname="Tests" time="0.005"/>
  <testcase name="meret" classname="Tests" time="0.001"/>
  <testcase name="felavatva" classname="Tests" time="0.001"/>
  <testcase name="agyukSzama" classname="Tests" time="0.0"/>
  <system-out><![CDATA[]]></system-out>
  <system-err><![CDATA[]]></system-err>
</testsuite>
