<?xml version="1.0" encoding="UTF-8"?>
<testsuite name="Tests" tests="4" skipped="0" failures="0" errors="0" timestamp="2024-03-09T19:24:34" hostname="DESKTOP-VL7E782" time="0.008">
  <properties/>
  <testcase name="adattagok" classname="Tests" time="0.005"/>
  <testcase name="metodusok" classname="Tests" time="0.001"/>
  <testcase name="add_delete_01" classname="Tests" time="0.0"/>
  <testcase name="add_delete_02" classname="Tests" time="0.001"/>
  <system-out><![CDATA[]]></system-out>
  <system-err><![CDATA[]]></system-err>
</testsuite>
