<?xml version="1.0" encoding="UTF-8"?>
<testsuite name="Tests" tests="2" skipped="0" failures="0" errors="0" timestamp="2024-04-22T11:32:24" hostname="DESKTOP-VL7E782" time="0.024">
  <properties/>
  <testcase name="teszt_01" classname="Tests" time="0.004"/>
  <testcase name="teszt_02" classname="Tests" time="0.02"/>
  <system-out><![CDATA[]]></system-out>
  <system-err><![CDATA[]]></system-err>
</testsuite>
