<?xml version="1.0" encoding="UTF-8"?>
<testsuite name="Tests" tests="3" skipped="0" failures="0" errors="0" timestamp="2024-03-01T18:11:58" hostname="DESKTOP-VL7E782" time="0.003">
  <properties/>
  <testcase name="adattagok" classname="Tests" time="0.002"/>
  <testcase name="konstruktor_2_parameteres" classname="Tests" time="0.0"/>
  <testcase name="konstruktor_1_parameteres" classname="Tests" time="0.0"/>
  <system-out><![CDATA[]]></system-out>
  <system-err><![CDATA[]]></system-err>
</testsuite>
