<?xml version="1.0" encoding="UTF-8"?>
<testsuite name="Tests" tests="4" skipped="0" failures="0" errors="0" timestamp="2024-02-29T19:11:32" hostname="DESKTOP-VL7E782" time="0.005">
  <properties/>
  <testcase name="szelesseg" classname="Tests" time="0.003"/>
  <testcase name="maxTelefonok" classname="Tests" time="0.0"/>
  <testcase name="rendszam" classname="Tests" time="0.0"/>
  <testcase name="hossz" classname="Tests" time="0.0"/>
  <system-out><![CDATA[]]></system-out>
  <system-err><![CDATA[]]></system-err>
</testsuite>
