<?xml version="1.0" encoding="UTF-8"?>
<testsuite name="Tests" tests="2" skipped="0" failures="0" errors="0" timestamp="2024-03-09T18:28:24" hostname="DESKTOP-VL7E782" time="0.004">
  <properties/>
  <testcase name="teszt_konstruktor" classname="Tests" time="0.004"/>
  <testcase name="teszt_adattag" classname="Tests" time="0.0"/>
  <system-out><![CDATA[]]></system-out>
  <system-err><![CDATA[]]></system-err>
</testsuite>
