<?xml version="1.0" encoding="UTF-8"?>
<testsuite name="Tests" tests="2" skipped="0" failures="0" errors="0" timestamp="2024-03-12T14:20:03" hostname="DESKTOP-VL7E782" time="0.003">
  <properties/>
  <testcase name="sebez" classname="Tests" time="0.002"/>
  <testcase name="zombi" classname="Tests" time="0.001"/>
  <system-out><![CDATA[]]></system-out>
  <system-err><![CDATA[]]></system-err>
</testsuite>
