<?xml version="1.0" encoding="UTF-8"?>
<testsuite name="Tests" tests="7" skipped="0" failures="0" errors="0" timestamp="2024-02-29T17:22:32" hostname="DESKTOP-VL7E782" time="0.006">
  <properties/>
  <testcase name="teszt_01" classname="Tests" time="0.003"/>
  <testcase name="teszt_02" classname="Tests" time="0.0"/>
  <testcase name="teszt_03" classname="Tests" time="0.0"/>
  <testcase name="teszt_04" classname="Tests" time="0.001"/>
  <testcase name="teszt_05" classname="Tests" time="0.0"/>
  <testcase name="teszt_06" classname="Tests" time="0.0"/>
  <testcase name="teszt_07" classname="Tests" time="0.0"/>
  <system-out><![CDATA[]]></system-out>
  <system-err><![CDATA[]]></system-err>
</testsuite>
