<?xml version="1.0" encoding="UTF-8"?>
<testsuite name="Tests" tests="5" skipped="0" failures="0" errors="0" timestamp="2024-03-09T18:25:46" hostname="DESKTOP-VL7E782" time="0.007">
  <properties/>
  <testcase name="getter" classname="Tests" time="0.005"/>
  <testcase name="adattag" classname="Tests" time="0.0"/>
  <testcase name="setter" classname="Tests" time="0.001"/>
  <testcase name="tostring" classname="Tests" time="0.0"/>
  <testcase name="konstruktor" classname="Tests" time="0.0"/>
  <system-out><![CDATA[]]></system-out>
  <system-err><![CDATA[]]></system-err>
</testsuite>
