<?xml version="1.0" encoding="UTF-8"?>
<testsuite name="Tests" tests="4" skipped="0" failures="0" errors="0" timestamp="2024-02-29T19:14:11" hostname="DESKTOP-VL7E782" time="0.006">
  <properties/>
  <testcase name="keszito" classname="Tests" time="0.004"/>
  <testcase name="nev" classname="Tests" time="0.0"/>
  <testcase name="verzioszam" classname="Tests" time="0.0"/>
  <testcase name="ertekeles" classname="Tests" time="0.001"/>
  <system-out><![CDATA[]]></system-out>
  <system-err><![CDATA[]]></system-err>
</testsuite>
