<?xml version="1.0" encoding="UTF-8"?>
<testsuite name="Tests" tests="2" skipped="0" failures="0" errors="0" timestamp="2024-04-02T18:14:26" hostname="DESKTOP-VL7E782" time="0.006">
  <properties/>
  <testcase name="ijasz" classname="Tests" time="0.005"/>
  <testcase name="pajzsosHarcos" classname="Tests" time="0.001"/>
  <system-out><![CDATA[]]></system-out>
  <system-err><![CDATA[]]></system-err>
</testsuite>
