<?xml version="1.0" encoding="UTF-8"?>
<testsuite name="Tests" tests="3" skipped="0" failures="0" errors="0" timestamp="2024-03-25T12:08:28" hostname="DESKTOP-VL7E782" time="0.011">
  <properties/>
  <testcase name="vizisarkany" classname="Tests" time="0.006"/>
  <testcase name="ember" classname="Tests" time="0.003"/>
  <testcase name="sarkany" classname="Tests" time="0.0"/>
  <system-out><![CDATA[]]></system-out>
  <system-err><![CDATA[]]></system-err>
</testsuite>
