<?xml version="1.0" encoding="UTF-8"?>
<testsuite name="Tests" tests="5" skipped="0" failures="0" errors="0" timestamp="2024-04-16T17:07:43" hostname="DESKTOP-VL7E782" time="0.013">
  <properties/>
  <testcase name="allatkereskedo" classname="Tests" time="0.002"/>
  <testcase name="kiralyno" classname="Tests" time="0.006"/>
  <testcase name="etel" classname="Tests" time="0.0"/>
  <testcase name="ember" classname="Tests" time="0.001"/>
  <testcase name="foldmuves" classname="Tests" time="0.001"/>
  <system-out><![CDATA[az etel finom volt
az etel finom volt
]]></system-out>
  <system-err><![CDATA[]]></system-err>
</testsuite>
