<?xml version="1.0" encoding="UTF-8"?>
<testsuite name="Tests" tests="4" skipped="0" failures="0" errors="0" timestamp="2024-03-12T14:02:41" hostname="DESKTOP-VL7E782" time="0.003">
  <properties/>
  <testcase name="ososztaly" classname="Tests" time="0.002"/>
  <testcase name="medve" classname="Tests" time="0.0"/>
  <testcase name="jegesmedve" classname="Tests" time="0.001"/>
  <testcase name="barnamedve" classname="Tests" time="0.0"/>
  <system-out><![CDATA[]]></system-out>
  <system-err><![CDATA[]]></system-err>
</testsuite>
