<?xml version="1.0" encoding="UTF-8"?>
<testsuite name="TesztTanulmanyiRendszer" tests="3" skipped="0" failures="0" errors="0" timestamp="2024-03-12T14:05:09" hostname="DESKTOP-VL7E782" time="0.001">
  <properties/>
  <testcase name="teszt_01" classname="TesztTanulmanyiRendszer" time="0.001"/>
  <testcase name="teszt_02" classname="TesztTanulmanyiRendszer" time="0.0"/>
  <testcase name="teszt_03" classname="TesztTanulmanyiRendszer" time="0.0"/>
  <system-out><![CDATA[]]></system-out>
  <system-err><![CDATA[]]></system-err>
</testsuite>
