<?xml version="1.0" encoding="UTF-8"?>
<testsuite name="Tests" tests="3" skipped="0" failures="0" errors="0" timestamp="2024-03-12T13:59:17" hostname="DESKTOP-VL7E782" time="0.003">
  <properties/>
  <testcase name="ososztaly" classname="Tests" time="0.002"/>
  <testcase name="teszt_01" classname="Tests" time="0.001"/>
  <testcase name="teszt_02" classname="Tests" time="0.0"/>
  <system-out><![CDATA[]]></system-out>
  <system-err><![CDATA[]]></system-err>
</testsuite>
