<?xml version="1.0" encoding="UTF-8"?>
<testsuite name="Tests" tests="3" skipped="0" failures="0" errors="0" timestamp="2024-02-29T19:12:58" hostname="DESKTOP-VL7E782" time="0.006">
  <properties/>
  <testcase name="gyarto" classname="Tests" time="0.005"/>
  <testcase name="meret" classname="Tests" time="0.0"/>
  <testcase name="memoria" classname="Tests" time="0.0"/>
  <system-out><![CDATA[]]></system-out>
  <system-err><![CDATA[]]></system-err>
</testsuite>
