<?xml version="1.0" encoding="UTF-8"?>
<testsuite name="Tests" tests="3" skipped="0" failures="0" errors="0" timestamp="2024-03-17T20:32:42" hostname="DESKTOP-VL7E782" time="0.002">
  <properties/>
  <testcase name="legnagyobbEheto" classname="Tests" time="0.002"/>
  <testcase name="nagyobbak" classname="Tests" time="0.0"/>
  <testcase name="ehetokSzama" classname="Tests" time="0.0"/>
  <system-out><![CDATA[]]></system-out>
  <system-err><![CDATA[]]></system-err>
</testsuite>
