<?xml version="1.0" encoding="UTF-8"?>
<testsuite name="Tests" tests="2" skipped="0" failures="0" errors="0" timestamp="2024-03-01T17:56:23" hostname="DESKTOP-VL7E782" time="0.002">
  <properties/>
  <testcase name="teszt1" classname="Tests" time="0.002"/>
  <testcase name="teszt2" classname="Tests" time="0.0"/>
  <system-out><![CDATA[]]></system-out>
  <system-err><![CDATA[]]></system-err>
</testsuite>
