<?xml version="1.0" encoding="UTF-8"?>
<testsuite name="Tests" tests="4" skipped="0" failures="0" errors="0" timestamp="2024-04-02T18:00:36" hostname="DESKTOP-VL7E782" time="0.009">
  <properties/>
  <testcase name="korona" classname="Tests" time="0.005"/>
  <testcase name="hatalmiJelkep" classname="Tests" time="0.001"/>
  <testcase name="jogar" classname="Tests" time="0.001"/>
  <testcase name="orszagalma" classname="Tests" time="0.002"/>
  <system-out><![CDATA[]]></system-out>
  <system-err><![CDATA[]]></system-err>
</testsuite>
