<?xml version="1.0" encoding="UTF-8"?>
<testsuite name="Tests" tests="4" skipped="0" failures="0" errors="0" timestamp="2024-04-24T08:39:19" hostname="DESKTOP-VL7E782" time="0.004">
  <properties/>
  <testcase name="kulonbseg" classname="Tests" time="0.002"/>
  <testcase name="feltolt" classname="Tests" time="0.0"/>
  <testcase name="unio" classname="Tests" time="0.0"/>
  <testcase name="metszet" classname="Tests" time="0.0"/>
  <system-out><![CDATA[]]></system-out>
  <system-err><![CDATA[]]></system-err>
</testsuite>
