<?xml version="1.0" encoding="UTF-8"?>
<testsuite name="Tests" tests="3" skipped="0" failures="0" errors="0" timestamp="2024-03-09T19:16:53" hostname="DESKTOP-VL7E782" time="0.004">
  <properties/>
  <testcase name="negy_parameteres_konstruktor" classname="Tests" time="0.003"/>
  <testcase name="default_konstruktor" classname="Tests" time="0.0"/>
  <testcase name="ot_parameteres_konstruktor" classname="Tests" time="0.0"/>
  <system-out><![CDATA[]]></system-out>
  <system-err><![CDATA[]]></system-err>
</testsuite>
