<?xml version="1.0" encoding="UTF-8"?>
<testsuite name="Tests" tests="5" skipped="0" failures="0" errors="0" timestamp="2024-04-24T08:28:24" hostname="DESKTOP-VL7E782" time="0.013">
  <properties/>
  <testcase name="teszt_01" classname="Tests" time="0.006"/>
  <testcase name="teszt_02" classname="Tests" time="0.002"/>
  <testcase name="teszt_03" classname="Tests" time="0.001"/>
  <testcase name="teszt_04" classname="Tests" time="0.001"/>
  <testcase name="teszt_05" classname="Tests" time="0.001"/>
  <system-out><![CDATA[]]></system-out>
  <system-err><![CDATA[]]></system-err>
</testsuite>
