<?xml version="1.0" encoding="UTF-8"?>
<testsuite name="Tests" tests="3" skipped="0" failures="0" errors="0" timestamp="2024-02-29T19:28:55" hostname="DESKTOP-VL7E782" time="0.005">
  <properties/>
  <testcase name="brekeg" classname="Tests" time="0.004"/>
  <testcase name="ehes" classname="Tests" time="0.0"/>
  <testcase name="eszik" classname="Tests" time="0.0"/>
  <system-out><![CDATA[]]></system-out>
  <system-err><![CDATA[]]></system-err>
</testsuite>
