<?xml version="1.0" encoding="UTF-8"?>
<testsuite name="Tests" tests="4" skipped="0" failures="0" errors="0" timestamp="2024-03-09T18:36:47" hostname="DESKTOP-VL7E782" time="0.007">
  <properties/>
  <testcase name="adattagok" classname="Tests" time="0.004"/>
  <testcase name="koltes" classname="Tests" time="0.0"/>
  <testcase name="jovairas" classname="Tests" time="0.0"/>
  <testcase name="konstruktor" classname="Tests" time="0.001"/>
  <system-out><![CDATA[]]></system-out>
  <system-err><![CDATA[]]></system-err>
</testsuite>
