<?xml version="1.0" encoding="UTF-8"?>
<testsuite name="Tests" tests="4" skipped="0" failures="0" errors="0" timestamp="2024-03-01T18:29:04" hostname="DESKTOP-VL7E782" time="0.003">
  <properties/>
  <testcase name="kekszGyartas" classname="Tests" time="0.001"/>
  <testcase name="szaloncukorGyartas" classname="Tests" time="0.001"/>
  <testcase name="csokiGyartas" classname="Tests" time="0.0"/>
  <testcase name="nyalokaGyartas" classname="Tests" time="0.001"/>
  <system-out><![CDATA[]]></system-out>
  <system-err><![CDATA[]]></system-err>
</testsuite>
