<?xml version="1.0" encoding="UTF-8"?>
<testsuite name="Tests" tests="6" skipped="0" failures="0" errors="0" timestamp="2024-02-29T19:23:22" hostname="DESKTOP-VL7E782" time="0.006">
  <properties/>
  <testcase name="allatkert_allatok" classname="Tests" time="0.004"/>
  <testcase name="allatkert_varos" classname="Tests" time="0.0"/>
  <testcase name="allat_nev" classname="Tests" time="0.0"/>
  <testcase name="allat_meret" classname="Tests" time="0.0"/>
  <testcase name="allatkert_nev" classname="Tests" time="0.0"/>
  <testcase name="allat_eletkor" classname="Tests" time="0.0"/>
  <system-out><![CDATA[]]></system-out>
  <system-err><![CDATA[]]></system-err>
</testsuite>
