<?xml version="1.0" encoding="UTF-8"?>
<testsuite name="Tests" tests="5" skipped="0" failures="0" errors="0" timestamp="2024-04-23T16:18:06" hostname="DESKTOP-VL7E782" time="0.02">
  <properties/>
  <testcase name="teszt_01" classname="Tests" time="0.009"/>
  <testcase name="teszt_02" classname="Tests" time="0.004"/>
  <testcase name="teszt_03" classname="Tests" time="0.002"/>
  <testcase name="teszt_04" classname="Tests" time="0.001"/>
  <testcase name="teszt_05" classname="Tests" time="0.001"/>
  <system-out><![CDATA[Macska, Macska, 5, 5
Antal, Antal, 1, 1
Juliska, Antal, 1, 1
Juliska, Juliska, 1, 1
Peter, Antal, 1, 1
Peter, Juliska, 1, 1
Peter, Peter, 1, 1
Gabor, Antal, 1, 1
Gabor, Juliska, 1, 1
Gabor, Peter, 1, 1
Gabor, Gabor, 1, 1
Kira, Antal, 1, 1
Kira, Juliska, 1, 1
Kira, Peter, 1, 1
Kira, Gabor, 1, 1
Kira, Kira, 1, 1
Eszter, Eszter, 1, 1
Gabor, Eszter, 1, 1
Gabor, Gabor, 1, 1
Anita, Eszter, 3, 1
Anita, Gabor, 3, 1
Anita, Anita, 3, 3
Macska, Macska, 3, 3
Beka, Macska, 3, 3
Beka, Beka, 3, 3
]]></system-out>
  <system-err><![CDATA[]]></system-err>
</testsuite>
