<?xml version="1.0" encoding="UTF-8"?>
<testsuite name="Ures10ElemuTomb" tests="1" skipped="0" failures="0" errors="0" timestamp="2024-02-29T17:37:21" hostname="DESKTOP-VL7E782" time="0.0">
  <properties/>
  <testcase name="teszt_01" classname="Ures10ElemuTomb" time="0.0"/>
  <system-out><![CDATA[]]></system-out>
  <system-err><![CDATA[]]></system-err>
</testsuite>
