<?xml version="1.0" encoding="UTF-8"?>
<testsuite name="JatekmaciXElemuTomb" tests="2" skipped="0" failures="0" errors="0" timestamp="2024-02-29T17:37:21" hostname="DESKTOP-VL7E782" time="0.001">
  <properties/>
  <testcase name="teszt_01" classname="JatekmaciXElemuTomb" time="0.001"/>
  <testcase name="teszt_02" classname="JatekmaciXElemuTomb" time="0.0"/>
  <system-out><![CDATA[]]></system-out>
  <system-err><![CDATA[]]></system-err>
</testsuite>
