<?xml version="1.0" encoding="UTF-8"?>
<testsuite name="Tests" tests="4" skipped="0" failures="0" errors="0" timestamp="2024-03-17T20:38:38" hostname="DESKTOP-VL7E782" time="0.004">
  <properties/>
  <testcase name="fuggetlen_01" classname="Tests" time="0.003"/>
  <testcase name="fuggetlen_02" classname="Tests" time="0.0"/>
  <testcase name="atmasolas_01" classname="Tests" time="0.0"/>
  <testcase name="atmasolas_02" classname="Tests" time="0.0"/>
  <system-out><![CDATA[]]></system-out>
  <system-err><![CDATA[]]></system-err>
</testsuite>
